c:/edk2/Build/AppPkg/DEBUG_VS2017/X64/StdLib/LibC/Stdio/Stdio/OUTPUT/clrerr.obj
c:/edk2/Build/AppPkg/DEBUG_VS2017/X64/StdLib/LibC/Stdio/Stdio/OUTPUT/fclose.obj
c:/edk2/Build/AppPkg/DEBUG_VS2017/X64/StdLib/LibC/Stdio/Stdio/OUTPUT/fdopen.obj
c:/edk2/Build/AppPkg/DEBUG_VS2017/X64/StdLib/LibC/Stdio/Stdio/OUTPUT/feof.obj
c:/edk2/Build/AppPkg/DEBUG_VS2017/X64/StdLib/LibC/Stdio/Stdio/OUTPUT/ferror.obj
c:/edk2/Build/AppPkg/DEBUG_VS2017/X64/StdLib/LibC/Stdio/Stdio/OUTPUT/fflush.obj
c:/edk2/Build/AppPkg/DEBUG_VS2017/X64/StdLib/LibC/Stdio/Stdio/OUTPUT/fgetc.obj
c:/edk2/Build/AppPkg/DEBUG_VS2017/X64/StdLib/LibC/Stdio/Stdio/OUTPUT/fgetln.obj
c:/edk2/Build/AppPkg/DEBUG_VS2017/X64/StdLib/LibC/Stdio/Stdio/OUTPUT/fgetpos.obj
c:/edk2/Build/AppPkg/DEBUG_VS2017/X64/StdLib/LibC/Stdio/Stdio/OUTPUT/fgets.obj
c:/edk2/Build/AppPkg/DEBUG_VS2017/X64/StdLib/LibC/Stdio/Stdio/OUTPUT/fopen.obj
c:/edk2/Build/AppPkg/DEBUG_VS2017/X64/StdLib/LibC/Stdio/Stdio/OUTPUT/fprintf.obj
c:/edk2/Build/AppPkg/DEBUG_VS2017/X64/StdLib/LibC/Stdio/Stdio/OUTPUT/fputc.obj
c:/edk2/Build/AppPkg/DEBUG_VS2017/X64/StdLib/LibC/Stdio/Stdio/OUTPUT/fputs.obj
c:/edk2/Build/AppPkg/DEBUG_VS2017/X64/StdLib/LibC/Stdio/Stdio/OUTPUT/fread.obj
c:/edk2/Build/AppPkg/DEBUG_VS2017/X64/StdLib/LibC/Stdio/Stdio/OUTPUT/freopen.obj
c:/edk2/Build/AppPkg/DEBUG_VS2017/X64/StdLib/LibC/Stdio/Stdio/OUTPUT/fscanf.obj
c:/edk2/Build/AppPkg/DEBUG_VS2017/X64/StdLib/LibC/Stdio/Stdio/OUTPUT/fseek.obj
c:/edk2/Build/AppPkg/DEBUG_VS2017/X64/StdLib/LibC/Stdio/Stdio/OUTPUT/fsetpos.obj
c:/edk2/Build/AppPkg/DEBUG_VS2017/X64/StdLib/LibC/Stdio/Stdio/OUTPUT/ftell.obj
c:/edk2/Build/AppPkg/DEBUG_VS2017/X64/StdLib/LibC/Stdio/Stdio/OUTPUT/fwrite.obj
c:/edk2/Build/AppPkg/DEBUG_VS2017/X64/StdLib/LibC/Stdio/Stdio/OUTPUT/getc.obj
c:/edk2/Build/AppPkg/DEBUG_VS2017/X64/StdLib/LibC/Stdio/Stdio/OUTPUT/getchar.obj
c:/edk2/Build/AppPkg/DEBUG_VS2017/X64/StdLib/LibC/Stdio/Stdio/OUTPUT/gets.obj
c:/edk2/Build/AppPkg/DEBUG_VS2017/X64/StdLib/LibC/Stdio/Stdio/OUTPUT/perror.obj
c:/edk2/Build/AppPkg/DEBUG_VS2017/X64/StdLib/LibC/Stdio/Stdio/OUTPUT/printf.obj
c:/edk2/Build/AppPkg/DEBUG_VS2017/X64/StdLib/LibC/Stdio/Stdio/OUTPUT/putc.obj
c:/edk2/Build/AppPkg/DEBUG_VS2017/X64/StdLib/LibC/Stdio/Stdio/OUTPUT/putchar.obj
c:/edk2/Build/AppPkg/DEBUG_VS2017/X64/StdLib/LibC/Stdio/Stdio/OUTPUT/puts.obj
c:/edk2/Build/AppPkg/DEBUG_VS2017/X64/StdLib/LibC/Stdio/Stdio/OUTPUT/remove.obj
c:/edk2/Build/AppPkg/DEBUG_VS2017/X64/StdLib/LibC/Stdio/Stdio/OUTPUT/rewind.obj
c:/edk2/Build/AppPkg/DEBUG_VS2017/X64/StdLib/LibC/Stdio/Stdio/OUTPUT/scanf.obj
c:/edk2/Build/AppPkg/DEBUG_VS2017/X64/StdLib/LibC/Stdio/Stdio/OUTPUT/setbuf.obj
c:/edk2/Build/AppPkg/DEBUG_VS2017/X64/StdLib/LibC/Stdio/Stdio/OUTPUT/setvbuf.obj
c:/edk2/Build/AppPkg/DEBUG_VS2017/X64/StdLib/LibC/Stdio/Stdio/OUTPUT/sprintf.obj
c:/edk2/Build/AppPkg/DEBUG_VS2017/X64/StdLib/LibC/Stdio/Stdio/OUTPUT/sscanf.obj
c:/edk2/Build/AppPkg/DEBUG_VS2017/X64/StdLib/LibC/Stdio/Stdio/OUTPUT/tempnam.obj
c:/edk2/Build/AppPkg/DEBUG_VS2017/X64/StdLib/LibC/Stdio/Stdio/OUTPUT/tmpfile.obj
c:/edk2/Build/AppPkg/DEBUG_VS2017/X64/StdLib/LibC/Stdio/Stdio/OUTPUT/tmpnam.obj
c:/edk2/Build/AppPkg/DEBUG_VS2017/X64/StdLib/LibC/Stdio/Stdio/OUTPUT/ungetc.obj
c:/edk2/Build/AppPkg/DEBUG_VS2017/X64/StdLib/LibC/Stdio/Stdio/OUTPUT/vfprintf.obj
c:/edk2/Build/AppPkg/DEBUG_VS2017/X64/StdLib/LibC/Stdio/Stdio/OUTPUT/vfwprintf.obj
c:/edk2/Build/AppPkg/DEBUG_VS2017/X64/StdLib/LibC/Stdio/Stdio/OUTPUT/vprintf.obj
c:/edk2/Build/AppPkg/DEBUG_VS2017/X64/StdLib/LibC/Stdio/Stdio/OUTPUT/vsprintf.obj
c:/edk2/Build/AppPkg/DEBUG_VS2017/X64/StdLib/LibC/Stdio/Stdio/OUTPUT/snprintf.obj
c:/edk2/Build/AppPkg/DEBUG_VS2017/X64/StdLib/LibC/Stdio/Stdio/OUTPUT/vsnprintf.obj
c:/edk2/Build/AppPkg/DEBUG_VS2017/X64/StdLib/LibC/Stdio/Stdio/OUTPUT/fparseln.obj
c:/edk2/Build/AppPkg/DEBUG_VS2017/X64/StdLib/LibC/Stdio/Stdio/OUTPUT/fgetwc.obj
c:/edk2/Build/AppPkg/DEBUG_VS2017/X64/StdLib/LibC/Stdio/Stdio/OUTPUT/fgetws.obj
c:/edk2/Build/AppPkg/DEBUG_VS2017/X64/StdLib/LibC/Stdio/Stdio/OUTPUT/fputwc.obj
c:/edk2/Build/AppPkg/DEBUG_VS2017/X64/StdLib/LibC/Stdio/Stdio/OUTPUT/fputws.obj
c:/edk2/Build/AppPkg/DEBUG_VS2017/X64/StdLib/LibC/Stdio/Stdio/OUTPUT/fwide.obj
c:/edk2/Build/AppPkg/DEBUG_VS2017/X64/StdLib/LibC/Stdio/Stdio/OUTPUT/fwprintf.obj
c:/edk2/Build/AppPkg/DEBUG_VS2017/X64/StdLib/LibC/Stdio/Stdio/OUTPUT/fwscanf.obj
c:/edk2/Build/AppPkg/DEBUG_VS2017/X64/StdLib/LibC/Stdio/Stdio/OUTPUT/getwc.obj
c:/edk2/Build/AppPkg/DEBUG_VS2017/X64/StdLib/LibC/Stdio/Stdio/OUTPUT/getwchar.obj
c:/edk2/Build/AppPkg/DEBUG_VS2017/X64/StdLib/LibC/Stdio/Stdio/OUTPUT/putwc.obj
c:/edk2/Build/AppPkg/DEBUG_VS2017/X64/StdLib/LibC/Stdio/Stdio/OUTPUT/putwchar.obj
c:/edk2/Build/AppPkg/DEBUG_VS2017/X64/StdLib/LibC/Stdio/Stdio/OUTPUT/swprintf.obj
c:/edk2/Build/AppPkg/DEBUG_VS2017/X64/StdLib/LibC/Stdio/Stdio/OUTPUT/swscanf.obj
c:/edk2/Build/AppPkg/DEBUG_VS2017/X64/StdLib/LibC/Stdio/Stdio/OUTPUT/ungetwc.obj
c:/edk2/Build/AppPkg/DEBUG_VS2017/X64/StdLib/LibC/Stdio/Stdio/OUTPUT/vfwscanf.obj
c:/edk2/Build/AppPkg/DEBUG_VS2017/X64/StdLib/LibC/Stdio/Stdio/OUTPUT/vswprintf.obj
c:/edk2/Build/AppPkg/DEBUG_VS2017/X64/StdLib/LibC/Stdio/Stdio/OUTPUT/vswscanf.obj
c:/edk2/Build/AppPkg/DEBUG_VS2017/X64/StdLib/LibC/Stdio/Stdio/OUTPUT/vwprintf.obj
c:/edk2/Build/AppPkg/DEBUG_VS2017/X64/StdLib/LibC/Stdio/Stdio/OUTPUT/vwscanf.obj
c:/edk2/Build/AppPkg/DEBUG_VS2017/X64/StdLib/LibC/Stdio/Stdio/OUTPUT/wprintf.obj
c:/edk2/Build/AppPkg/DEBUG_VS2017/X64/StdLib/LibC/Stdio/Stdio/OUTPUT/wscanf.obj
c:/edk2/Build/AppPkg/DEBUG_VS2017/X64/StdLib/LibC/Stdio/Stdio/OUTPUT/fgetstr.obj
c:/edk2/Build/AppPkg/DEBUG_VS2017/X64/StdLib/LibC/Stdio/Stdio/OUTPUT/findfp.obj
c:/edk2/Build/AppPkg/DEBUG_VS2017/X64/StdLib/LibC/Stdio/Stdio/OUTPUT/flags.obj
c:/edk2/Build/AppPkg/DEBUG_VS2017/X64/StdLib/LibC/Stdio/Stdio/OUTPUT/fseeko.obj
c:/edk2/Build/AppPkg/DEBUG_VS2017/X64/StdLib/LibC/Stdio/Stdio/OUTPUT/ftello.obj
c:/edk2/Build/AppPkg/DEBUG_VS2017/X64/StdLib/LibC/Stdio/Stdio/OUTPUT/fvwrite.obj
c:/edk2/Build/AppPkg/DEBUG_VS2017/X64/StdLib/LibC/Stdio/Stdio/OUTPUT/fwalk.obj
c:/edk2/Build/AppPkg/DEBUG_VS2017/X64/StdLib/LibC/Stdio/Stdio/OUTPUT/gettemp.obj
c:/edk2/Build/AppPkg/DEBUG_VS2017/X64/StdLib/LibC/Stdio/Stdio/OUTPUT/makebuf.obj
c:/edk2/Build/AppPkg/DEBUG_VS2017/X64/StdLib/LibC/Stdio/Stdio/OUTPUT/mkstemp.obj
c:/edk2/Build/AppPkg/DEBUG_VS2017/X64/StdLib/LibC/Stdio/Stdio/OUTPUT/mktemp.obj
c:/edk2/Build/AppPkg/DEBUG_VS2017/X64/StdLib/LibC/Stdio/Stdio/OUTPUT/refill.obj
c:/edk2/Build/AppPkg/DEBUG_VS2017/X64/StdLib/LibC/Stdio/Stdio/OUTPUT/rget.obj
c:/edk2/Build/AppPkg/DEBUG_VS2017/X64/StdLib/LibC/Stdio/Stdio/OUTPUT/stdio.obj
c:/edk2/Build/AppPkg/DEBUG_VS2017/X64/StdLib/LibC/Stdio/Stdio/OUTPUT/vfscanf.obj
c:/edk2/Build/AppPkg/DEBUG_VS2017/X64/StdLib/LibC/Stdio/Stdio/OUTPUT/wbuf.obj
c:/edk2/Build/AppPkg/DEBUG_VS2017/X64/StdLib/LibC/Stdio/Stdio/OUTPUT/wsetup.obj