c:/edk2/Build/NT32X64/DEBUG_VS2017/X64/MdePkg/Library/BasePrintLib/BasePrintLib/OUTPUT/BasePrintLib.lib
c:/edk2/Build/NT32X64/DEBUG_VS2017/X64/MdePkg/Library/BasePcdLibNull/BasePcdLibNull/OUTPUT/BasePcdLibNull.lib
c:/edk2/Build/NT32X64/DEBUG_VS2017/X64/MdeModulePkg/Library/DxeReportStatusCodeLib/DxeReportStatusCodeLib/OUTPUT/DxeReportStatusCodeLib.lib
c:/edk2/Build/NT32X64/DEBUG_VS2017/X64/MdePkg/Library/UefiDevicePathLib/UefiDevicePathLib/OUTPUT/UefiDevicePathLib.lib
c:/edk2/Build/NT32X64/DEBUG_VS2017/X64/MdeModulePkg/Library/DxeCoreMemoryAllocationLib/DxeCoreMemoryAllocationLib/OUTPUT/DxeCoreMemoryAllocationLib.lib
c:/edk2/Build/NT32X64/DEBUG_VS2017/X64/MdeModulePkg/Library/PeiDxeDebugLibReportStatusCode/PeiDxeDebugLibReportStatusCode/OUTPUT/PeiDxeDebugLibReportStatusCode.lib
c:/edk2/Build/NT32X64/DEBUG_VS2017/X64/MdePkg/Library/BaseLib/BaseLib/OUTPUT/BaseLib.lib
c:/edk2/Build/NT32X64/DEBUG_VS2017/X64/MdePkg/Library/BaseMemoryLibOptDxe/BaseMemoryLibOptDxe/OUTPUT/BaseMemoryLibOptDxe.lib
c:/edk2/Build/NT32X64/DEBUG_VS2017/X64/MdePkg/Library/DxeCoreEntryPoint/DxeCoreEntryPoint/OUTPUT/DxeCoreEntryPoint.lib
c:/edk2/Build/NT32X64/DEBUG_VS2017/X64/MdePkg/Library/DxeCoreHobLib/DxeCoreHobLib/OUTPUT/DxeCoreHobLib.lib
c:/edk2/Build/NT32X64/DEBUG_VS2017/X64/MdeModulePkg/Library/DxeDebugPrintErrorLevelLib/DxeDebugPrintErrorLevelLib/OUTPUT/DxeDebugPrintErrorLevelLib.lib
c:/edk2/Build/NT32X64/DEBUG_VS2017/X64/MdePkg/Library/UefiBootServicesTableLib/UefiBootServicesTableLib/OUTPUT/UefiBootServicesTableLib.lib
c:/edk2/Build/NT32X64/DEBUG_VS2017/X64/MdePkg/Library/UefiRuntimeServicesTableLib/UefiRuntimeServicesTableLib/OUTPUT/UefiRuntimeServicesTableLib.lib
c:/edk2/Build/NT32X64/DEBUG_VS2017/X64/MdePkg/Library/DxeExtractGuidedSectionLib/DxeExtractGuidedSectionLib/OUTPUT/DxeExtractGuidedSectionLib.lib
c:/edk2/Build/NT32X64/DEBUG_VS2017/X64/Nt32Pkg/Library/DxeNt32PeCoffExtraActionLib/DxeNt32PeCoffExtraActionLib/OUTPUT/DxeNt32PeCoffExtraActionLib.lib
c:/edk2/Build/NT32X64/DEBUG_VS2017/X64/MdePkg/Library/UefiLib/UefiLib/OUTPUT/UefiLib.lib
c:/edk2/Build/NT32X64/DEBUG_VS2017/X64/MdePkg/Library/BaseCacheMaintenanceLib/BaseCacheMaintenanceLib/OUTPUT/BaseCacheMaintenanceLib.lib
c:/edk2/Build/NT32X64/DEBUG_VS2017/X64/IntelFrameworkModulePkg/Library/BaseUefiTianoCustomDecompressLib/BaseUefiTianoCustomDecompressLib/OUTPUT/BaseUefiTianoDecompressLib.lib
c:/edk2/Build/NT32X64/DEBUG_VS2017/X64/MdePkg/Library/BasePerformanceLibNull/BasePerformanceLibNull/OUTPUT/BasePerformanceLibNull.lib
c:/edk2/Build/NT32X64/DEBUG_VS2017/X64/MdePkg/Library/BasePeCoffLib/BasePeCoffLib/OUTPUT/BasePeCoffLib.lib
c:/edk2/Build/NT32X64/DEBUG_VS2017/X64/MdePkg/Library/BasePeCoffGetEntryPointLib/BasePeCoffGetEntryPointLib/OUTPUT/BasePeCoffGetEntryPointLib.lib
c:/edk2/Build/NT32X64/DEBUG_VS2017/X64/MdePkg/Library/BaseTimerLibNullTemplate/BaseTimerLibNullTemplate/OUTPUT/BaseTimerLibNullTemplate.lib
c:/edk2/Build/NT32X64/DEBUG_VS2017/X64/MdePkg/Library/DxeServicesLib/DxeServicesLib/OUTPUT/DxeServicesLib.lib
c:/edk2/Build/NT32X64/DEBUG_VS2017/X64/MdeModulePkg/Library/DebugAgentLibNull/DebugAgentLibNull/OUTPUT/DebugAgentLibNull.lib
c:/edk2/Build/NT32X64/DEBUG_VS2017/X64/MdeModulePkg/Library/CpuExceptionHandlerLibNull/CpuExceptionHandlerLibNull/OUTPUT/CpuExceptionHandlerLibNull.lib
c:/edk2/Build/NT32X64/DEBUG_VS2017/X64/MdeModulePkg/Library/DxeCrc32GuidedSectionExtractLib/DxeCrc32GuidedSectionExtractLib/OUTPUT/DxeCrc32GuidedSectionExtractLib.lib
c:/edk2/Build/NT32X64/DEBUG_VS2017/X64/MdeModulePkg/Core/Dxe/DxeMain/OUTPUT/DxeCore.lib