c:/edk2/Build/AppPkg/DEBUG_VS2017/X64/StdLib/LibC/Locale/Locale/OUTPUT/__mb_cur_max.obj
c:/edk2/Build/AppPkg/DEBUG_VS2017/X64/StdLib/LibC/Locale/Locale/OUTPUT/_def_messages.obj
c:/edk2/Build/AppPkg/DEBUG_VS2017/X64/StdLib/LibC/Locale/Locale/OUTPUT/_def_monetary.obj
c:/edk2/Build/AppPkg/DEBUG_VS2017/X64/StdLib/LibC/Locale/Locale/OUTPUT/_def_numeric.obj
c:/edk2/Build/AppPkg/DEBUG_VS2017/X64/StdLib/LibC/Locale/Locale/OUTPUT/_def_time.obj
c:/edk2/Build/AppPkg/DEBUG_VS2017/X64/StdLib/LibC/Locale/Locale/OUTPUT/aliasname.obj
c:/edk2/Build/AppPkg/DEBUG_VS2017/X64/StdLib/LibC/Locale/Locale/OUTPUT/ctypeio.obj
c:/edk2/Build/AppPkg/DEBUG_VS2017/X64/StdLib/LibC/Locale/Locale/OUTPUT/localeconv.obj
c:/edk2/Build/AppPkg/DEBUG_VS2017/X64/StdLib/LibC/Locale/Locale/OUTPUT/nl_langinfo.obj
c:/edk2/Build/AppPkg/DEBUG_VS2017/X64/StdLib/LibC/Locale/Locale/OUTPUT/setlocale1.obj
c:/edk2/Build/AppPkg/DEBUG_VS2017/X64/StdLib/LibC/Locale/Locale/OUTPUT/setlocale32.obj
c:/edk2/Build/AppPkg/DEBUG_VS2017/X64/StdLib/LibC/Locale/Locale/OUTPUT/setlocale.obj
c:/edk2/Build/AppPkg/DEBUG_VS2017/X64/StdLib/LibC/Locale/Locale/OUTPUT/wcscoll.obj
c:/edk2/Build/AppPkg/DEBUG_VS2017/X64/StdLib/LibC/Locale/Locale/OUTPUT/wcsftime.obj
c:/edk2/Build/AppPkg/DEBUG_VS2017/X64/StdLib/LibC/Locale/Locale/OUTPUT/wcstoimax.obj
c:/edk2/Build/AppPkg/DEBUG_VS2017/X64/StdLib/LibC/Locale/Locale/OUTPUT/wcstol.obj
c:/edk2/Build/AppPkg/DEBUG_VS2017/X64/StdLib/LibC/Locale/Locale/OUTPUT/wcstoll.obj
c:/edk2/Build/AppPkg/DEBUG_VS2017/X64/StdLib/LibC/Locale/Locale/OUTPUT/wcstoul.obj
c:/edk2/Build/AppPkg/DEBUG_VS2017/X64/StdLib/LibC/Locale/Locale/OUTPUT/wcstoull.obj
c:/edk2/Build/AppPkg/DEBUG_VS2017/X64/StdLib/LibC/Locale/Locale/OUTPUT/wcstoumax.obj
c:/edk2/Build/AppPkg/DEBUG_VS2017/X64/StdLib/LibC/Locale/Locale/OUTPUT/wcstod.obj
c:/edk2/Build/AppPkg/DEBUG_VS2017/X64/StdLib/LibC/Locale/Locale/OUTPUT/wcstof.obj
c:/edk2/Build/AppPkg/DEBUG_VS2017/X64/StdLib/LibC/Locale/Locale/OUTPUT/wcstold.obj
c:/edk2/Build/AppPkg/DEBUG_VS2017/X64/StdLib/LibC/Locale/Locale/OUTPUT/wcsxfrm.obj
c:/edk2/Build/AppPkg/DEBUG_VS2017/X64/StdLib/LibC/Locale/Locale/OUTPUT/multibyte_Utf8.obj
c:/edk2/Build/AppPkg/DEBUG_VS2017/X64/StdLib/LibC/Locale/Locale/OUTPUT/iswctype_sb.obj