c:/edk2/Build/NT32X64/DEBUG_VS2017/X64/MdePkg/Library/BaseMemoryLibOptDxe/BaseMemoryLibOptDxe/OUTPUT/X64/ScanMem64.obj
c:/edk2/Build/NT32X64/DEBUG_VS2017/X64/MdePkg/Library/BaseMemoryLibOptDxe/BaseMemoryLibOptDxe/OUTPUT/X64/ScanMem32.obj
c:/edk2/Build/NT32X64/DEBUG_VS2017/X64/MdePkg/Library/BaseMemoryLibOptDxe/BaseMemoryLibOptDxe/OUTPUT/X64/ScanMem16.obj
c:/edk2/Build/NT32X64/DEBUG_VS2017/X64/MdePkg/Library/BaseMemoryLibOptDxe/BaseMemoryLibOptDxe/OUTPUT/X64/ScanMem8.obj
c:/edk2/Build/NT32X64/DEBUG_VS2017/X64/MdePkg/Library/BaseMemoryLibOptDxe/BaseMemoryLibOptDxe/OUTPUT/X64/CompareMem.obj
c:/edk2/Build/NT32X64/DEBUG_VS2017/X64/MdePkg/Library/BaseMemoryLibOptDxe/BaseMemoryLibOptDxe/OUTPUT/X64/ZeroMem.obj
c:/edk2/Build/NT32X64/DEBUG_VS2017/X64/MdePkg/Library/BaseMemoryLibOptDxe/BaseMemoryLibOptDxe/OUTPUT/X64/SetMem64.obj
c:/edk2/Build/NT32X64/DEBUG_VS2017/X64/MdePkg/Library/BaseMemoryLibOptDxe/BaseMemoryLibOptDxe/OUTPUT/X64/SetMem32.obj
c:/edk2/Build/NT32X64/DEBUG_VS2017/X64/MdePkg/Library/BaseMemoryLibOptDxe/BaseMemoryLibOptDxe/OUTPUT/X64/SetMem16.obj
c:/edk2/Build/NT32X64/DEBUG_VS2017/X64/MdePkg/Library/BaseMemoryLibOptDxe/BaseMemoryLibOptDxe/OUTPUT/X64/SetMem.obj
c:/edk2/Build/NT32X64/DEBUG_VS2017/X64/MdePkg/Library/BaseMemoryLibOptDxe/BaseMemoryLibOptDxe/OUTPUT/X64/CopyMem.obj
c:/edk2/Build/NT32X64/DEBUG_VS2017/X64/MdePkg/Library/BaseMemoryLibOptDxe/BaseMemoryLibOptDxe/OUTPUT/X64/IsZeroBuffer.obj
c:/edk2/Build/NT32X64/DEBUG_VS2017/X64/MdePkg/Library/BaseMemoryLibOptDxe/BaseMemoryLibOptDxe/OUTPUT/MemLibGuid.obj
c:/edk2/Build/NT32X64/DEBUG_VS2017/X64/MdePkg/Library/BaseMemoryLibOptDxe/BaseMemoryLibOptDxe/OUTPUT/ScanMem64Wrapper.obj
c:/edk2/Build/NT32X64/DEBUG_VS2017/X64/MdePkg/Library/BaseMemoryLibOptDxe/BaseMemoryLibOptDxe/OUTPUT/ScanMem32Wrapper.obj
c:/edk2/Build/NT32X64/DEBUG_VS2017/X64/MdePkg/Library/BaseMemoryLibOptDxe/BaseMemoryLibOptDxe/OUTPUT/ScanMem16Wrapper.obj
c:/edk2/Build/NT32X64/DEBUG_VS2017/X64/MdePkg/Library/BaseMemoryLibOptDxe/BaseMemoryLibOptDxe/OUTPUT/ScanMem8Wrapper.obj
c:/edk2/Build/NT32X64/DEBUG_VS2017/X64/MdePkg/Library/BaseMemoryLibOptDxe/BaseMemoryLibOptDxe/OUTPUT/ZeroMemWrapper.obj
c:/edk2/Build/NT32X64/DEBUG_VS2017/X64/MdePkg/Library/BaseMemoryLibOptDxe/BaseMemoryLibOptDxe/OUTPUT/CompareMemWrapper.obj
c:/edk2/Build/NT32X64/DEBUG_VS2017/X64/MdePkg/Library/BaseMemoryLibOptDxe/BaseMemoryLibOptDxe/OUTPUT/SetMem64Wrapper.obj
c:/edk2/Build/NT32X64/DEBUG_VS2017/X64/MdePkg/Library/BaseMemoryLibOptDxe/BaseMemoryLibOptDxe/OUTPUT/SetMem32Wrapper.obj
c:/edk2/Build/NT32X64/DEBUG_VS2017/X64/MdePkg/Library/BaseMemoryLibOptDxe/BaseMemoryLibOptDxe/OUTPUT/SetMem16Wrapper.obj
c:/edk2/Build/NT32X64/DEBUG_VS2017/X64/MdePkg/Library/BaseMemoryLibOptDxe/BaseMemoryLibOptDxe/OUTPUT/SetMemWrapper.obj
c:/edk2/Build/NT32X64/DEBUG_VS2017/X64/MdePkg/Library/BaseMemoryLibOptDxe/BaseMemoryLibOptDxe/OUTPUT/CopyMemWrapper.obj
c:/edk2/Build/NT32X64/DEBUG_VS2017/X64/MdePkg/Library/BaseMemoryLibOptDxe/BaseMemoryLibOptDxe/OUTPUT/IsZeroBufferWrapper.obj