c:/edk2/Build/NT32X64/DEBUG_VS2017/X64/MdePkg/Library/DxePcdLib/DxePcdLib/OUTPUT/DxePcdLib.lib
c:/edk2/Build/NT32X64/DEBUG_VS2017/X64/MdeModulePkg/Library/PeiDxeDebugLibReportStatusCode/PeiDxeDebugLibReportStatusCode/OUTPUT/PeiDxeDebugLibReportStatusCode.lib
c:/edk2/Build/NT32X64/DEBUG_VS2017/X64/MdePkg/Library/BaseMemoryLibOptDxe/BaseMemoryLibOptDxe/OUTPUT/BaseMemoryLibOptDxe.lib
c:/edk2/Build/NT32X64/DEBUG_VS2017/X64/MdeModulePkg/Library/DxeReportStatusCodeLib/DxeReportStatusCodeLib/OUTPUT/DxeReportStatusCodeLib.lib
c:/edk2/Build/NT32X64/DEBUG_VS2017/X64/MdePkg/Library/BaseLib/BaseLib/OUTPUT/BaseLib.lib
c:/edk2/Build/NT32X64/DEBUG_VS2017/X64/MdePkg/Library/UefiBootServicesTableLib/UefiBootServicesTableLib/OUTPUT/UefiBootServicesTableLib.lib
c:/edk2/Build/NT32X64/DEBUG_VS2017/X64/MdePkg/Library/UefiMemoryAllocationLib/UefiMemoryAllocationLib/OUTPUT/UefiMemoryAllocationLib.lib
c:/edk2/Build/NT32X64/DEBUG_VS2017/X64/MdeModulePkg/Library/DxePrintLibPrint2Protocol/DxePrintLibPrint2Protocol/OUTPUT/DxePrintLibPrint2Protocol.lib
c:/edk2/Build/NT32X64/DEBUG_VS2017/X64/MdePkg/Library/UefiRuntimeServicesTableLib/UefiRuntimeServicesTableLib/OUTPUT/UefiRuntimeServicesTableLib.lib
c:/edk2/Build/NT32X64/DEBUG_VS2017/X64/MdePkg/Library/UefiDevicePathLibDevicePathProtocol/UefiDevicePathLibDevicePathProtocol/OUTPUT/UefiDevicePathLibDevicePathProtocol.lib
c:/edk2/Build/NT32X64/DEBUG_VS2017/X64/MdePkg/Library/UefiLib/UefiLib/OUTPUT/UefiLib.lib
c:/edk2/Build/NT32X64/DEBUG_VS2017/X64/MdePkg/Library/DxeHobLib/DxeHobLib/OUTPUT/DxeHobLib.lib
c:/edk2/Build/NT32X64/DEBUG_VS2017/X64/MdeModulePkg/Library/DxeDebugPrintErrorLevelLib/DxeDebugPrintErrorLevelLib/OUTPUT/DxeDebugPrintErrorLevelLib.lib
c:/edk2/Build/NT32X64/DEBUG_VS2017/X64/MdeModulePkg/Library/UefiHiiServicesLib/UefiHiiServicesLib/OUTPUT/UefiHiiServicesLib.lib
c:/edk2/Build/NT32X64/DEBUG_VS2017/X64/MdeModulePkg/Library/UefiSortLib/UefiSortLib/OUTPUT/UefiSortLib.lib
c:/edk2/Build/NT32X64/DEBUG_VS2017/X64/MdePkg/Library/DxeServicesLib/DxeServicesLib/OUTPUT/DxeServicesLib.lib
c:/edk2/Build/NT32X64/DEBUG_VS2017/X64/MdePkg/Library/DxeServicesTableLib/DxeServicesTableLib/OUTPUT/DxeServicesTableLib.lib
c:/edk2/Build/NT32X64/DEBUG_VS2017/X64/MdePkg/Library/BasePeCoffGetEntryPointLib/BasePeCoffGetEntryPointLib/OUTPUT/BasePeCoffGetEntryPointLib.lib
c:/edk2/Build/NT32X64/DEBUG_VS2017/X64/MdePkg/Library/BasePerformanceLibNull/BasePerformanceLibNull/OUTPUT/BasePerformanceLibNull.lib
c:/edk2/Build/NT32X64/DEBUG_VS2017/X64/MdeModulePkg/Library/UefiHiiLib/UefiHiiLib/OUTPUT/UefiHiiLib.lib
c:/edk2/Build/NT32X64/DEBUG_VS2017/X64/MdeModulePkg/Library/UefiBootManagerLib/UefiBootManagerLib/OUTPUT/UefiBootManagerLib.lib
c:/edk2/Build/NT32X64/DEBUG_VS2017/X64/MdeModulePkg/Library/FileExplorerLib/FileExplorerLib/OUTPUT/FileExplorerLib.lib
c:/edk2/Build/NT32X64/DEBUG_VS2017/X64/MdePkg/Library/UefiApplicationEntryPoint/UefiApplicationEntryPoint/OUTPUT/UefiApplicationEntryPoint.lib
c:/edk2/Build/NT32X64/DEBUG_VS2017/X64/MdeModulePkg/Library/DeviceManagerUiLib/DeviceManagerUiLib/OUTPUT/DeviceManagerUiLib.lib
c:/edk2/Build/NT32X64/DEBUG_VS2017/X64/MdeModulePkg/Library/BootManagerUiLib/BootManagerUiLib/OUTPUT/BootManagerUiLib.lib
c:/edk2/Build/NT32X64/DEBUG_VS2017/X64/MdeModulePkg/Library/BootMaintenanceManagerUiLib/BootMaintenanceManagerUiLib/OUTPUT/BootMaintenanceManagerUiLib.lib
c:/edk2/Build/NT32X64/DEBUG_VS2017/X64/MdeModulePkg/Application/UiApp/UiApp/OUTPUT/UiApp.lib